Lmod has detected the following error: The following module(s) are unknown:
"boltzmachine"

Please check the spelling or version number. Also try "module spider ..."
It is also possible your cache file is out-of-date; it may help to try:
  $ module --ignore_cache load "boltzmachine"

Also make sure that all modulefiles written in TCL start with the string
#%Module




CondaError: Run 'conda init' before 'conda activate'

[H[J[3Jwandb: Using wandb-core as the SDK backend.  Please refer to https://wandb.me/wandb-core for more information.
wandb: Currently logged in as: boltzmachine (neuroking). Use `wandb login --relogin` to force relogin
wandb: WARNING Serializing object of type list that is 166552 bytes
wandb: WARNING Serializing object of type list that is 166552 bytes
wandb: WARNING Serializing object of type list that is 173016 bytes
wandb: WARNING Serializing object of type list that is 173016 bytes
wandb: Tracking run with wandb version 0.19.0
wandb: Run data is saved locally in /gpfs/radev/project/ying_rex/wq44/samba/Samba/samba/wandb/run-20241231_150312-46q92ruu
wandb: Run `wandb offline` to turn off syncing.
wandb: Syncing run electric-blaze-3
wandb: ⭐️ View project at https://wandb.ai/neuroking/samba
wandb: 🚀 View run at https://wandb.ai/neuroking/samba/runs/46q92ruu
---------------------------------------------------

       Device 0:  
           Name: NVIDIA A40 
           Memory: 44.34 GB
           ----------------               
           eleSub07_hemoSub07
           accross the subjects!
           ---------------------------------             
           Model: SambaEleToHemo--eleSub07_hemoSub07--20241231-150311--eegfmri_translation

---------------------------------------------------
itr.:     0 loss (train/valid): 0.993/0.999
itr.:    50 loss (train/valid): 0.987/0.992
itr.:   100 loss (train/valid): 0.937/0.965
itr.:   150 loss (train/valid): 0.859/0.928
itr.:   200 loss (train/valid): 0.794/0.908
itr.:   250 loss (train/valid): 0.747/0.883
itr.:   300 loss (train/valid): 0.711/0.875
itr.:   350 loss (train/valid): 0.682/0.854
itr.:   400 loss (train/valid): 0.658/0.824
itr.:   450 loss (train/valid): 0.637/0.810
itr.:   500 loss (train/valid): 0.616/0.798
itr.:   550 loss (train/valid): 0.602/0.756
itr.:   600 loss (train/valid): 0.583/0.749
itr.:   650 loss (train/valid): 0.569/0.733
itr.:   700 loss (train/valid): 0.555/0.704
itr.:   750 loss (train/valid): 0.543/0.688
itr.:   800 loss (train/valid): 0.532/0.676
itr.:   850 loss (train/valid): 0.523/0.654
itr.:   900 loss (train/valid): 0.506/0.644
itr.:   950 loss (train/valid): 0.500/0.616
itr.:  1000 loss (train/valid): 0.491/0.607
itr.:  1050 loss (train/valid): 0.486/0.585
itr.:  1100 loss (train/valid): 0.478/0.566
itr.:  1150 loss (train/valid): 0.472/0.544
itr.:  1200 loss (train/valid): 0.465/0.547
itr.:  1250 loss (train/valid): 0.460/0.527
itr.:  1300 loss (train/valid): 0.455/0.520
itr.:  1350 loss (train/valid): 0.451/0.511
itr.:  1400 loss (train/valid): 0.447/0.502
itr.:  1450 loss (train/valid): 0.445/0.496
itr.:  1500 loss (train/valid): 0.439/0.494
[1;34mwandb[0m: 🚀 View run [33melectric-blaze-3[0m at: [34mhttps://wandb.ai/neuroking/samba/runs/46q92ruu[0m
[1;34mwandb[0m: Find logs at: [1;35m../../../../../../project/ying_rex/wq44/samba/Samba/samba/wandb/run-20241231_150312-46q92ruu/logs[0m
